[htmldemo.net/pebona/pebona/index-5.html]
[backblue.gif]
[fade.gif]
[index.html]
[htmldemo.net/pebona/pebona/assets/images/favicon.ico]
[htmldemo.net/pebona/pebona/assets/css/bootstrap.min.css]
[htmldemo.net/pebona/pebona/assets/css/ionicons.min.css]
[htmldemo.net/pebona/pebona/assets/css/font-awesome.min.css]
[htmldemo.net/pebona/pebona/assets/css/pe-icon-7-stroke.css]
[htmldemo.net/pebona/pebona/assets/css/plugins.css]
[htmldemo.net/pebona/pebona/assets/css/style.css]
[htmldemo.net/pebona/pebona/assets/css/responsive.css]
[htmldemo.net/pebona/pebona/assets/js/modernizr-2.8.3.min.js]
[htmldemo.net/pebona/pebona/assets/images/icons/en-gb.png]
[htmldemo.net/pebona/pebona/assets/images/icons/fr-fr.png]
[htmldemo.net/pebona/pebona/index.html]
[htmldemo.net/pebona/pebona/assets/images/logo.png]
[htmldemo.net/pebona/pebona/assets/images/cart/cart-1.jpg]
[htmldemo.net/pebona/pebona/assets/images/cart/cart-2.jpg]
[htmldemo.net/pebona/pebona/cart.html]
[htmldemo.net/pebona/pebona/checkout.html]
[htmldemo.net/pebona/pebona/register.html]
[htmldemo.net/pebona/pebona/login.html]
[htmldemo.net/pebona/pebona/my-account.html]
[htmldemo.net/pebona/pebona/wishlist.html]
[htmldemo.net/pebona/pebona/index-2.html]
[htmldemo.net/pebona/pebona/index-3.html]
[htmldemo.net/pebona/pebona/index-4.html]
[htmldemo.net/pebona/pebona/shop-grid.html]
[htmldemo.net/pebona/pebona/shop-list.html]
[htmldemo.net/pebona/pebona/shop-right-sidebar.html]
[htmldemo.net/pebona/pebona/shop-fullwidth.html]
[htmldemo.net/pebona/pebona/single-product.html]
[htmldemo.net/pebona/pebona/compare.html]
[htmldemo.net/pebona/pebona/assets/images/banners/menu-banner.jpg]
[htmldemo.net/pebona/pebona/blog.html]
[htmldemo.net/pebona/pebona/blog-left-sidebar.html]
[htmldemo.net/pebona/pebona/blog-right-sidebar.html]
[htmldemo.net/pebona/pebona/blog-details.html]
[htmldemo.net/pebona/pebona/faqs.html]
[htmldemo.net/pebona/pebona/404.html]
[htmldemo.net/pebona/pebona/about.html]
[htmldemo.net/pebona/pebona/contact.html]
[htmldemo.net/pebona/pebona/assets/images/slider/home-5/slide-1.jpg]
[htmldemo.net/pebona/pebona/assets/images/slider/home-5/slide-2.jpg]
[htmldemo.net/pebona/pebona/assets/images/slider/home-5/slide-3.jpg]
[htmldemo.net/pebona/pebona/assets/images/banners/banner-1.jpg]
[htmldemo.net/pebona/pebona/assets/images/banners/banner-2.jpg]
[htmldemo.net/pebona/pebona/assets/images/banners/banner-3.jpg]
[htmldemo.net/pebona/pebona/assets/images/products/new/product-7.jpg]
[htmldemo.net/pebona/pebona/assets/images/products/new/product-8.jpg]
[htmldemo.net/pebona/pebona/assets/images/products/new/product-4.jpg]
[htmldemo.net/pebona/pebona/assets/images/products/new/product-5.jpg]
[htmldemo.net/pebona/pebona/assets/images/products/new/product-6.jpg]
[htmldemo.net/pebona/pebona/assets/images/products/new/product-1.jpg]
[htmldemo.net/pebona/pebona/assets/images/products/new/product-2.jpg]
[htmldemo.net/pebona/pebona/assets/images/products/new/product-3.jpg]
[htmldemo.net/pebona/pebona/assets/images/products/new/product-9.jpg]
[htmldemo.net/pebona/pebona/assets/images/products/new/product-10.jpg]
[htmldemo.net/pebona/pebona/assets/images/products/new/product-11.jpg]
[htmldemo.net/pebona/pebona/assets/images/products/new/product-12.jpg]
[htmldemo.net/pebona/pebona/assets/images/products/new/product-13.jpg]
[htmldemo.net/pebona/pebona/assets/images/products/new/product-15.jpg]
[htmldemo.net/pebona/pebona/assets/images/products/new/product-14.jpg]
[htmldemo.net/pebona/pebona/assets/images/products/new/product-16.jpg]
[htmldemo.net/pebona/pebona/assets/images/products/new/product-17.jpg]
[htmldemo.net/pebona/pebona/assets/images/banners/banner-7.jpg]
[htmldemo.net/pebona/pebona/assets/images/banners/banner-8.jpg]
[htmldemo.net/pebona/pebona/assets/images/blog/blog-1.jpg]
[htmldemo.net/pebona/pebona/assets/images/blog/blog-2.jpg]
[htmldemo.net/pebona/pebona/assets/images/blog/blog-3.jpg]
[htmldemo.net/pebona/pebona/assets/images/blog/blog-4.jpg]
[htmldemo.net/pebona/pebona/assets/images/footer-logo.png]
[htmldemo.net/pebona/pebona/assets/images/icons/payment.png]
[htmldemo.net/pebona/pebona/assets/images/products/single/product-1.jpg]
[htmldemo.net/pebona/pebona/assets/images/products/single/product-2.jpg]
[htmldemo.net/pebona/pebona/assets/images/products/single/product-3.jpg]
[htmldemo.net/pebona/pebona/assets/images/products/single/product-4.jpg]
[htmldemo.net/pebona/pebona/assets/images/products/single/product-5.jpg]
[htmldemo.net/pebona/pebona/assets/images/products/single/product-6.jpg]
[htmldemo.net/pebona/pebona/assets/images/products/single/product-thumb-1.jpg]
[htmldemo.net/pebona/pebona/assets/images/products/single/product-thumb-2.jpg]
[htmldemo.net/pebona/pebona/assets/images/products/single/product-thumb-3.jpg]
[htmldemo.net/pebona/pebona/assets/images/products/single/product-thumb-4.jpg]
[htmldemo.net/pebona/pebona/assets/images/products/single/product-thumb-5.jpg]
[htmldemo.net/pebona/pebona/assets/images/products/single/product-thumb-6.jpg]
[htmldemo.net/pebona/pebona/assets/js/jquery.1.12.4.min.js]
[htmldemo.net/pebona/pebona/assets/js/popper.min.js]
[htmldemo.net/pebona/pebona/assets/js/bootstrap.min.js]
[htmldemo.net/pebona/pebona/assets/js/plugins.js]
[htmldemo.net/pebona/pebona/index-5.html]
[htmldemo.net/pebona/pebona/assets/css/bootstrap.min.css]
[htmldemo.net/pebona/pebona/assets/js/main.js]
[htmldemo.net/pebona/pebona/assets/fonts/ionicons60b9.eot]
[htmldemo.net/pebona/pebona/assets/fonts/ionicons60b9.woff2]
[htmldemo.net/pebona/pebona/assets/fonts/ionicons60b9.woff]
[htmldemo.net/pebona/pebona/assets/fonts/ionicons60b9.ttf]
[htmldemo.net/pebona/pebona/assets/css/ionicons.min.css]
[htmldemo.net/pebona/pebona/assets/fonts/ionicons60b9.svg]
[htmldemo.net/pebona/pebona/assets/fonts/fontawesome-webfont3e6e.eot]
[htmldemo.net/pebona/pebona/assets/fonts/fontawesome-webfontd41d.eot]
[htmldemo.net/pebona/pebona/assets/fonts/fontawesome-webfont3e6e.woff2]
[htmldemo.net/pebona/pebona/assets/fonts/fontawesome-webfont3e6e.woff]
[htmldemo.net/pebona/pebona/assets/fonts/fontawesome-webfont3e6e.ttf]
[htmldemo.net/pebona/pebona/assets/css/font-awesome.min.css]
[htmldemo.net/pebona/pebona/assets/fonts/fontawesome-webfont3e6e.svg]
[htmldemo.net/pebona/pebona/assets/fonts/Pe-icon-7-strokebb1d.eot]
[htmldemo.net/pebona/pebona/assets/fonts/Pe-icon-7-stroked41d.eot]
[htmldemo.net/pebona/pebona/assets/fonts/Pe-icon-7-strokebb1d.woff]
[htmldemo.net/pebona/pebona/assets/fonts/Pe-icon-7-strokebb1d.ttf]
[htmldemo.net/pebona/pebona/assets/css/pe-icon-7-stroke.css]
[htmldemo.net/pebona/pebona/assets/fonts/Pe-icon-7-strokebb1d.svg]
[htmldemo.net/pebona/pebona/assets/images/default-skin/default-skin.png]
[htmldemo.net/pebona/pebona/assets/images/default-skin/default-skin.svg]
[htmldemo.net/pebona/pebona/assets/images/default-skin/preloader.gif]
[htmldemo.net/pebona/pebona/assets/css/plugins.css]
[htmldemo.net/pebona/pebona/assets/images/icons/title.png]
[htmldemo.net/pebona/pebona/assets/images/icons/icon-testimonials.png]
[htmldemo.net/pebona/pebona/assets/images/backgrounds/left-bg.png]
[htmldemo.net/pebona/pebona/assets/images/backgrounds/right-bg.png]
[htmldemo.net/pebona/pebona/assets/css/style.css]
[htmldemo.net/pebona/pebona/assets/css/responsive.css]
[htmldemo.net/pebona/pebona/assets/images/slider/home-1/slide-1.jpg]
[htmldemo.net/pebona/pebona/assets/images/slider/home-1/slide-2.jpg]
[htmldemo.net/pebona/pebona/assets/images/slider/home-1/slide-3.jpg]
[htmldemo.net/pebona/pebona/assets/images/backgrounds/bg-banner.jpg]
[htmldemo.net/pebona/pebona/index.html]
[htmldemo.net/pebona/pebona/cart.html]
[htmldemo.net/pebona/pebona/checkout.html]
[htmldemo.net/pebona/pebona/register.html]
[htmldemo.net/pebona/pebona/login.html]
[htmldemo.net/pebona/pebona/my-account.html]
[htmldemo.net/pebona/pebona/wishlist.html]
[htmldemo.net/pebona/pebona/assets/images/logo2.png]
[htmldemo.net/pebona/pebona/assets/images/slider/home-2/slide-1.jpg]
[htmldemo.net/pebona/pebona/assets/images/slider/home-2/slide-2.jpg]
[htmldemo.net/pebona/pebona/assets/images/slider/home-2/slide-3.jpg]
[htmldemo.net/pebona/pebona/assets/images/banners/banner-4.jpg]
[htmldemo.net/pebona/pebona/assets/images/banners/banner-5.jpg]
[htmldemo.net/pebona/pebona/assets/images/banners/banner-6.jpg]
[htmldemo.net/pebona/pebona/index-2.html]
[htmldemo.net/pebona/pebona/assets/images/slider/home-3/slide-1.jpg]
[htmldemo.net/pebona/pebona/assets/images/slider/home-3/slide-2.jpg]
[htmldemo.net/pebona/pebona/assets/images/slider/home-3/slide-3.jpg]
[htmldemo.net/pebona/pebona/assets/images/banners/banner-9.jpg]
[htmldemo.net/pebona/pebona/assets/images/banners/banner-10.jpg]
[htmldemo.net/pebona/pebona/index-3.html]
[htmldemo.net/pebona/pebona/assets/images/slider/home-4/slide-1.jpg]
[htmldemo.net/pebona/pebona/assets/images/slider/home-4/slide-2.jpg]
[htmldemo.net/pebona/pebona/assets/images/slider/home-4/slide-3.jpg]
[htmldemo.net/pebona/pebona/assets/images/banners/banner-11.jpg]
[htmldemo.net/pebona/pebona/assets/images/banners/banner-12.jpg]
[htmldemo.net/pebona/pebona/assets/images/banners/banner-13.jpg]
[htmldemo.net/pebona/pebona/assets/images/banners/banner-14.jpg]
[htmldemo.net/pebona/pebona/assets/images/banners/banner-15.jpg]
[htmldemo.net/pebona/pebona/assets/images/banners/banner-16.jpg]
[htmldemo.net/pebona/pebona/assets/images/banners/banner-17.jpg]
[htmldemo.net/pebona/pebona/index-4.html]
[htmldemo.net/pebona/pebona/shop-grid.html]
[htmldemo.net/pebona/pebona/shop-list.html]
[htmldemo.net/pebona/pebona/shop-right-sidebar.html]
[htmldemo.net/pebona/pebona/shop-fullwidth.html]
[htmldemo.net/pebona/pebona/assets/images/products/product-brand.png]
[htmldemo.net/pebona/pebona/single-product.html]
[htmldemo.net/pebona/pebona/compare.html]
[htmldemo.net/pebona/pebona/assets/images/blog/blog-1-1.jpg]
[htmldemo.net/pebona/pebona/assets/images/blog/blog-1-2.jpg]
[htmldemo.net/pebona/pebona/assets/images/blog/blog-1-3.jpg]
[htmldemo.net/pebona/pebona/assets/images/blog/blog-1-4.jpg]
[htmldemo.net/pebona/pebona/assets/images/blog/blog-1-5.jpg]
[htmldemo.net/pebona/pebona/assets/images/blog/blog-1-6.jpg]
[htmldemo.net/pebona/pebona/assets/images/blog/blog-1-7.jpg]
[htmldemo.net/pebona/pebona/assets/images/blog/blog-1-8.jpg]
[htmldemo.net/pebona/pebona/assets/images/blog/blog-1-9.jpg]
[htmldemo.net/pebona/pebona/assets/images/blog/blog-1-10.jpg]
[htmldemo.net/pebona/pebona/assets/images/blog/blog-1-11.jpg]
[htmldemo.net/pebona/pebona/assets/images/blog/blog-1-12.jpg]
[htmldemo.net/pebona/pebona/assets/images/blog/blog-1-13.jpg]
[htmldemo.net/pebona/pebona/blog.html]
[htmldemo.net/pebona/pebona/assets/images/blog/blog-1-14.jpg]
[htmldemo.net/pebona/pebona/assets/images/blog/blog-thumb-1.jpg]
[htmldemo.net/pebona/pebona/assets/images/blog/blog-thumb-2.jpg]
[htmldemo.net/pebona/pebona/assets/images/blog/blog-thumb-3.jpg]
[htmldemo.net/pebona/pebona/assets/images/blog/blog-thumb-4.jpg]
[htmldemo.net/pebona/pebona/assets/images/blog/blog-thumb-5.jpg]
[htmldemo.net/pebona/pebona/assets/images/blog/blog-thumb-6.jpg]
[htmldemo.net/pebona/pebona/blog-left-sidebar.html]
[htmldemo.net/pebona/pebona/blog-right-sidebar.html]
[htmldemo.net/pebona/pebona/assets/images/blog/blog-single-large.jpg]
[htmldemo.net/pebona/pebona/assets/images/blog/blog-single.jpg]
[htmldemo.net/pebona/pebona/assets/images/blog/blog-inner-1.jpg]
[htmldemo.net/pebona/pebona/assets/images/blog/blog-inner-2.jpg]
[htmldemo.net/pebona/pebona/assets/images/testimonial/testimonial-2.jpg]
[htmldemo.net/pebona/pebona/assets/images/testimonial/testimonial-1.jpg]
[htmldemo.net/pebona/pebona/assets/images/testimonial/testimonial-3.jpg]
[htmldemo.net/pebona/pebona/assets/images/testimonial/testimonial-5.jpg]
[htmldemo.net/pebona/pebona/blog-details.html]
[htmldemo.net/pebona/pebona/faqs.html]
[htmldemo.net/pebona/pebona/404.html]
[htmldemo.net/pebona/pebona/assets/images/about/about.jpg]
[htmldemo.net/pebona/pebona/assets/images/about/team-1.jpg]
[htmldemo.net/pebona/pebona/assets/images/about/team-4.jpg]
[htmldemo.net/pebona/pebona/assets/images/about/team-2.jpg]
[htmldemo.net/pebona/pebona/assets/images/about/team-3.jpg]
[htmldemo.net/pebona/pebona/assets/images/brand/client-logo-1.jpg]
[htmldemo.net/pebona/pebona/assets/images/brand/client-logo-2.jpg]
[htmldemo.net/pebona/pebona/assets/images/brand/client-logo-3.jpg]
[htmldemo.net/pebona/pebona/assets/images/brand/client-logo-4.jpg]
[htmldemo.net/pebona/pebona/assets/images/brand/client-logo-5.jpg]
[htmldemo.net/pebona/pebona/assets/images/brand/client-logo-6.jpg]
[htmldemo.net/pebona/pebona/assets/images/brand/client-logo-7.jpg]
[htmldemo.net/pebona/pebona/assets/images/brand/client-logo-8.jpg]
[htmldemo.net/pebona/pebona/about.html]
[htmldemo.net/pebona/pebona/contact.html]
[htmldemo.net/pebona/pebona/assets/fonts/ionicons60b9.svg]
[htmldemo.net/pebona/pebona/assets/fonts/fontawesome-webfont3e6e.svg]
[htmldemo.net/pebona/pebona/assets/fonts/Pe-icon-7-strokebb1d.svg]
[htmldemo.net/pebona/pebona/assets/images/default-skin/default-skin.svg]
[htmldemo.net/pebona/pebona/assets/js/ajax.js]
